Determining if the Q_WS_WIN exist failed with the following output:
Change Dir: /home/beryl/fuerte_workspace/sandbox/humanoid_navigation_ros/arm_navigation/planning_environment/build/CMakeFiles/CMakeTmp

Run Build Command:/usr/bin/make "cmTryCompileExec/fast"
make[1]: 正在进入目录 `/home/beryl/fuerte_workspace/sandbox/humanoid_navigation_ros/arm_navigation/planning_environment/build/CMakeFiles/CMakeTmp'
/usr/bin/make -f CMakeFiles/cmTryCompileExec.dir/build.make CMakeFiles/cmTryCompileExec.dir/build
make[2]: 正在进入目录 `/home/beryl/fuerte_workspace/sandbox/humanoid_navigation_ros/arm_navigation/planning_environment/build/CMakeFiles/CMakeTmp'
/usr/bin/cmake -E cmake_progress_report /home/beryl/fuerte_workspace/sandbox/humanoid_navigation_ros/arm_navigation/planning_environment/build/CMakeFiles/CMakeTmp/CMakeFiles 1
Building CXX object CMakeFiles/cmTryCompileExec.dir/CheckSymbolExists.cxx.o
/usr/bin/c++    -Wno-deprecated   -I/usr/include/qt4    -o CMakeFiles/cmTryCompileExec.dir/CheckSymbolExists.cxx.o -c /home/beryl/fuerte_workspace/sandbox/humanoid_navigation_ros/arm_navigation/planning_environment/build/CMakeFiles/CMakeTmp/CheckSymbolExists.cxx
/home/beryl/fuerte_workspace/sandbox/humanoid_navigation_ros/arm_navigation/planning_environment/build/CMakeFiles/CMakeTmp/CheckSymbolExists.cxx: 在函数‘int main()’中:
/home/beryl/fuerte_workspace/sandbox/humanoid_navigation_ros/arm_navigation/planning_environment/build/CMakeFiles/CMakeTmp/CheckSymbolExists.cxx:8:25: 错误： ‘Q_WS_WIN’在此作用域中尚未声明
make[2]:正在离开目录 `/home/beryl/fuerte_workspace/sandbox/humanoid_navigation_ros/arm_navigation/planning_environment/build/CMakeFiles/CMakeTmp'
make[2]: *** [CMakeFiles/cmTryCompileExec.dir/CheckSymbolExists.cxx.o] 错误 1
make[1]:正在离开目录 `/home/beryl/fuerte_workspace/sandbox/humanoid_navigation_ros/arm_navigation/planning_environment/build/CMakeFiles/CMakeTmp'
make[1]: *** [cmTryCompileExec/fast] 错误 2

File /home/beryl/fuerte_workspace/sandbox/humanoid_navigation_ros/arm_navigation/planning_environment/build/CMakeFiles/CMakeTmp/CheckSymbolExists.cxx:
/* */
#include <QtCore/qglobal.h>

void cmakeRequireSymbol(int dummy,...){(void)dummy;}
int main()
{
#ifndef Q_WS_WIN
  cmakeRequireSymbol(0,&Q_WS_WIN);
#endif
  return 0;
}

Determining if the Q_WS_QWS exist failed with the following output:
Change Dir: /home/beryl/fuerte_workspace/sandbox/humanoid_navigation_ros/arm_navigation/planning_environment/build/CMakeFiles/CMakeTmp

Run Build Command:/usr/bin/make "cmTryCompileExec/fast"
make[1]: 正在进入目录 `/home/beryl/fuerte_workspace/sandbox/humanoid_navigation_ros/arm_navigation/planning_environment/build/CMakeFiles/CMakeTmp'
/usr/bin/make -f CMakeFiles/cmTryCompileExec.dir/build.make CMakeFiles/cmTryCompileExec.dir/build
make[2]: 正在进入目录 `/home/beryl/fuerte_workspace/sandbox/humanoid_navigation_ros/arm_navigation/planning_environment/build/CMakeFiles/CMakeTmp'
/usr/bin/cmake -E cmake_progress_report /home/beryl/fuerte_workspace/sandbox/humanoid_navigation_ros/arm_navigation/planning_environment/build/CMakeFiles/CMakeTmp/CMakeFiles 1
Building CXX object CMakeFiles/cmTryCompileExec.dir/CheckSymbolExists.cxx.o
/usr/bin/c++    -Wno-deprecated   -I/usr/include/qt4    -o CMakeFiles/cmTryCompileExec.dir/CheckSymbolExists.cxx.o -c /home/beryl/fuerte_workspace/sandbox/humanoid_navigation_ros/arm_navigation/planning_environment/build/CMakeFiles/CMakeTmp/CheckSymbolExists.cxx
/home/beryl/fuerte_workspace/sandbox/humanoid_navigation_ros/arm_navigation/planning_environment/build/CMakeFiles/CMakeTmp/CheckSymbolExists.cxx: 在函数‘int main()’中:
/home/beryl/fuerte_workspace/sandbox/humanoid_navigation_ros/arm_navigation/planning_environment/build/CMakeFiles/CMakeTmp/CheckSymbolExists.cxx:8:25: 错误： ‘Q_WS_QWS’在此作用域中尚未声明
make[2]:正在离开目录 `/home/beryl/fuerte_workspace/sandbox/humanoid_navigation_ros/arm_navigation/planning_environment/build/CMakeFiles/CMakeTmp'
make[2]: *** [CMakeFiles/cmTryCompileExec.dir/CheckSymbolExists.cxx.o] 错误 1
make[1]: *** [cmTryCompileExec/fast] 错误 2
make[1]:正在离开目录 `/home/beryl/fuerte_workspace/sandbox/humanoid_navigation_ros/arm_navigation/planning_environment/build/CMakeFiles/CMakeTmp'

File /home/beryl/fuerte_workspace/sandbox/humanoid_navigation_ros/arm_navigation/planning_environment/build/CMakeFiles/CMakeTmp/CheckSymbolExists.cxx:
/* */
#include <QtCore/qglobal.h>

void cmakeRequireSymbol(int dummy,...){(void)dummy;}
int main()
{
#ifndef Q_WS_QWS
  cmakeRequireSymbol(0,&Q_WS_QWS);
#endif
  return 0;
}

Determining if the Q_WS_MAC exist failed with the following output:
Change Dir: /home/beryl/fuerte_workspace/sandbox/humanoid_navigation_ros/arm_navigation/planning_environment/build/CMakeFiles/CMakeTmp

Run Build Command:/usr/bin/make "cmTryCompileExec/fast"
make[1]: 正在进入目录 `/home/beryl/fuerte_workspace/sandbox/humanoid_navigation_ros/arm_navigation/planning_environment/build/CMakeFiles/CMakeTmp'
/usr/bin/make -f CMakeFiles/cmTryCompileExec.dir/build.make CMakeFiles/cmTryCompileExec.dir/build
make[2]: 正在进入目录 `/home/beryl/fuerte_workspace/sandbox/humanoid_navigation_ros/arm_navigation/planning_environment/build/CMakeFiles/CMakeTmp'
/usr/bin/cmake -E cmake_progress_report /home/beryl/fuerte_workspace/sandbox/humanoid_navigation_ros/arm_navigation/planning_environment/build/CMakeFiles/CMakeTmp/CMakeFiles 1
Building CXX object CMakeFiles/cmTryCompileExec.dir/CheckSymbolExists.cxx.o
/usr/bin/c++    -Wno-deprecated   -I/usr/include/qt4    -o CMakeFiles/cmTryCompileExec.dir/CheckSymbolExists.cxx.o -c /home/beryl/fuerte_workspace/sandbox/humanoid_navigation_ros/arm_navigation/planning_environment/build/CMakeFiles/CMakeTmp/CheckSymbolExists.cxx
/home/beryl/fuerte_workspace/sandbox/humanoid_navigation_ros/arm_navigation/planning_environment/build/CMakeFiles/CMakeTmp/CheckSymbolExists.cxx: 在函数‘int main()’中:
/home/beryl/fuerte_workspace/sandbox/humanoid_navigation_ros/arm_navigation/planning_environment/build/CMakeFiles/CMakeTmp/CheckSymbolExists.cxx:8:25: 错误： ‘Q_WS_MAC’在此作用域中尚未声明
make[2]: *** [CMakeFiles/cmTryCompileExec.dir/CheckSymbolExists.cxx.o] 错误 1
make[2]:正在离开目录 `/home/beryl/fuerte_workspace/sandbox/humanoid_navigation_ros/arm_navigation/planning_environment/build/CMakeFiles/CMakeTmp'
make[1]: *** [cmTryCompileExec/fast] 错误 2
make[1]:正在离开目录 `/home/beryl/fuerte_workspace/sandbox/humanoid_navigation_ros/arm_navigation/planning_environment/build/CMakeFiles/CMakeTmp'

File /home/beryl/fuerte_workspace/sandbox/humanoid_navigation_ros/arm_navigation/planning_environment/build/CMakeFiles/CMakeTmp/CheckSymbolExists.cxx:
/* */
#include <QtCore/qglobal.h>

void cmakeRequireSymbol(int dummy,...){(void)dummy;}
int main()
{
#ifndef Q_WS_MAC
  cmakeRequireSymbol(0,&Q_WS_MAC);
#endif
  return 0;
}

Determining if the function pthread_create exists in the pthreads failed with the following output:
Change Dir: /home/beryl/fuerte_workspace/sandbox/humanoid_navigation_ros/arm_navigation/planning_environment/build/CMakeFiles/CMakeTmp

Run Build Command:/usr/bin/make "cmTryCompileExec/fast"
make[1]: 正在进入目录 `/home/beryl/fuerte_workspace/sandbox/humanoid_navigation_ros/arm_navigation/planning_environment/build/CMakeFiles/CMakeTmp'
/usr/bin/make -f CMakeFiles/cmTryCompileExec.dir/build.make CMakeFiles/cmTryCompileExec.dir/build
make[2]: 正在进入目录 `/home/beryl/fuerte_workspace/sandbox/humanoid_navigation_ros/arm_navigation/planning_environment/build/CMakeFiles/CMakeTmp'
/usr/bin/cmake -E cmake_progress_report /home/beryl/fuerte_workspace/sandbox/humanoid_navigation_ros/arm_navigation/planning_environment/build/CMakeFiles/CMakeTmp/CMakeFiles 1
Building C object CMakeFiles/cmTryCompileExec.dir/CheckFunctionExists.c.o
/usr/bin/gcc   -DCHECK_FUNCTION_EXISTS=pthread_create   -o CMakeFiles/cmTryCompileExec.dir/CheckFunctionExists.c.o   -c /usr/share/cmake-2.8/Modules/CheckFunctionExists.c
Linking C executable cmTryCompileExec
/usr/bin/cmake -E cmake_link_script CMakeFiles/cmTryCompileExec.dir/link.txt --verbose=1
/usr/bin/gcc      -DCHECK_FUNCTION_EXISTS=pthread_create    CMakeFiles/cmTryCompileExec.dir/CheckFunctionExists.c.o  -o cmTryCompileExec -rdynamic -lpthreads 
/usr/bin/ld: cannot find -lpthreads
collect2: ld 返回 1
make[2]:正在离开目录 `/home/beryl/fuerte_workspace/sandbox/humanoid_navigation_ros/arm_navigation/planning_environment/build/CMakeFiles/CMakeTmp'
make[2]: *** [cmTryCompileExec] 错误 1
make[1]:正在离开目录 `/home/beryl/fuerte_workspace/sandbox/humanoid_navigation_ros/arm_navigation/planning_environment/build/CMakeFiles/CMakeTmp'
make[1]: *** [cmTryCompileExec/fast] 错误 2


